<?xml version="1.0" encoding="UTF-8"?>
<testsuite xmlns:xsi="http://www.w3.org/2001/XMLSchema-instance" xsi:noNamespaceSchemaLocation="https://maven.apache.org/surefire/maven-surefire-plugin/xsd/surefire-test-report-3.0.xsd" version="3.0" name="com.rishabh.main.MainApplicationTests" time="4.131" tests="1" errors="0" skipped="0" failures="0">
  <properties>
[...]
</properties>
  <testcase name="contextLoads" classname="com.rishabh.main.MainApplicationTests" time="1.042">
    <system-out><![CDATA[20:32:06.031 [main] INFO org.springframework.test.context.support.AnnotationConfigContextLoaderUtils -- Could not detect default configuration classes for test class [com.rishabh.main.MainApplicationTests]: MainApplicationTests does not declare any static, non-private, non-final, nested classes annotated with @Configuration.
20:32:06.134 [main] INFO org.springframework.boot.test.context.SpringBootTestContextBootstrapper -- Found @SpringBootConfiguration com.rishabh.main.MainApplication for test class com.rishabh.main.MainApplicationTests
20:32:06.330 [main] INFO org.springframework.boot.devtools.restart.RestartApplicationListener -- Restart disabled due to context in which it is running

  .   ____          _            __ _ _
 /\\ / ___'_ __ _ _(_)_ __  __ _ \ \ \ \
( ( )\___ | '_ | '_| | '_ \/ _` | \ \ \ \
 \\/  ___)| |_)| | | | | || (_| |  ) ) ) )
  '  |____| .__|_| |_|_| |_\__, | / / / /
 =========|_|==============|___/=/_/_/_/

 :: Spring Boot ::                (v3.3.2)

2024-07-24T20:32:06.659+05:30  INFO 18516 --- [main] [           main] com.rishabh.main.MainApplicationTests    : Starting MainApplicationTests using Java 22.0.1 with PID 18516 (started by tiwar in C:\Users\tiwar\git\project-portfolio\main)
2024-07-24T20:32:06.660+05:30  INFO 18516 --- [main] [           main] com.rishabh.main.MainApplicationTests    : No active profile set, falling back to 1 default profile: "default"
2024-07-24T20:32:07.296+05:30  INFO 18516 --- [main] [           main] .s.d.r.c.RepositoryConfigurationDelegate : Bootstrapping Spring Data JDBC repositories in DEFAULT mode.
2024-07-24T20:32:07.317+05:30  INFO 18516 --- [main] [           main] .s.d.r.c.RepositoryConfigurationDelegate : Finished Spring Data repository scanning in 16 ms. Found 0 JDBC repository interfaces.
2024-07-24T20:32:08.322+05:30  INFO 18516 --- [main] [           main] com.zaxxer.hikari.HikariDataSource       : HikariPool-1 - Starting...
2024-07-24T20:32:08.739+05:30  INFO 18516 --- [main] [           main] com.zaxxer.hikari.pool.HikariPool        : HikariPool-1 - Added connection oracle.jdbc.driver.T4CConnection@7cfb8e98
2024-07-24T20:32:08.741+05:30  INFO 18516 --- [main] [           main] com.zaxxer.hikari.HikariDataSource       : HikariPool-1 - Start completed.
2024-07-24T20:32:08.917+05:30  INFO 18516 --- [main] [           main] com.rishabh.main.MainApplicationTests    : Started MainApplicationTests in 2.602 seconds (process running for 3.775)
]]></system-out>
    <system-err><![CDATA[WARNING: A Java agent has been loaded dynamically (C:\Users\tiwar\.m2\repository\net\bytebuddy\byte-buddy-agent\1.14.18\byte-buddy-agent-1.14.18.jar)
WARNING: If a serviceability tool is in use, please run with -XX:+EnableDynamicAgentLoading to hide this warning
WARNING: If a serviceability tool is not in use, please run with -Djdk.instrument.traceUsage for more information
WARNING: Dynamic loading of agents will be disallowed by default in a future release
]]></system-err>
  </testcase>
</testsuite>